\BOOKMARK [1][-]{section.1}{Introducci\363n}{}% 1
\BOOKMARK [1][-]{section.2}{Justificaci\363n}{}% 2
\BOOKMARK [1][-]{section.3}{Objetivos}{}% 3
\BOOKMARK [2][-]{subsection.3.1}{General}{section.3}% 4
\BOOKMARK [2][-]{subsection.3.2}{Espec\355ficos}{section.3}% 5
\BOOKMARK [1][-]{section.4}{Marco Te\363rico}{}% 6
\BOOKMARK [2][-]{subsection.4.1}{Notaci\363n de Dirac}{section.4}% 7
\BOOKMARK [2][-]{subsection.4.2}{Representaci\363n de Qubit}{section.4}% 8
\BOOKMARK [3][-]{subsubsection.4.2.1}{Matrices de Pauli}{subsection.4.2}% 9
\BOOKMARK [2][-]{subsection.4.3}{Mediciones}{section.4}% 10
\BOOKMARK [2][-]{subsection.4.4}{Regla de Born}{section.4}% 11
\BOOKMARK [2][-]{subsection.4.5}{Correlaciones en las mediciones de spin y las desigualdades de Bell}{section.4}% 12
\BOOKMARK [3][-]{subsubsection.4.5.1}{Correlaciones en estados spin-singlets}{subsection.4.5}% 13
\BOOKMARK [2][-]{subsection.4.6}{Principio de localidad de Einstein y la desigualdad de Bell}{section.4}% 14
\BOOKMARK [2][-]{subsection.4.7}{Desigualdad de Bell y Mec\341nica Cu\341ntica}{section.4}% 15
\BOOKMARK [2][-]{subsection.4.8}{Transformada Cu\341ntica de Fourier}{section.4}% 16
\BOOKMARK [3][-]{subsubsection.4.8.1}{Introducci\363n}{subsection.4.8}% 17
\BOOKMARK [3][-]{subsubsection.4.8.2}{Intuici\363n detr\341s de la TCF\(QFT\)}{subsection.4.8}% 18
\BOOKMARK [3][-]{subsubsection.4.8.3}{Ejemplo 1: TCF de 1-qubit}{subsection.4.8}% 19
\BOOKMARK [3][-]{subsubsection.4.8.4}{Transformada Cu\341ntica de Fourier: definici\363n general}{subsection.4.8}% 20
\BOOKMARK [1][-]{section.5}{Metodolog\355a}{}% 21
